[2016-12-23 04:16:25][WHMCS Installer] DEBUG: Installer bootstrapped []
[2016-12-23 04:16:27][WHMCS Installer] DEBUG: Installer bootstrapped []
[2016-12-23 04:16:27][WHMCS Installer] INFO: Previous install not detected; a fresh install will be attempted []
[2016-12-23 04:16:31][WHMCS Installer] DEBUG: Installer bootstrapped []
[2016-12-23 04:26:13][WHMCS Installer] DEBUG: Installer bootstrapped []
[2016-12-23 04:26:35][WHMCS Installer] DEBUG: Installer bootstrapped []
[2016-12-23 04:28:15][WHMCS Installer] DEBUG: Installer bootstrapped []
[2016-12-23 04:28:15][WHMCS Installer] INFO: New configuration file has been written []
[2016-12-23 04:28:15][WHMCS Installer] INFO: Applying base SQL schema []
[2016-12-23 04:29:35][WHMCS Installer] DEBUG: Installer bootstrapped []
[2016-12-23 04:29:35][WHMCS Installer] INFO: Creating initial admin account []
[2016-12-23 04:29:35][WHMCS Installer] INFO: Applying incremental updates to base install schema []
[2016-12-23 04:29:35][WHMCS Installer] INFO: Applying Updates for 3.2.1-release.1 []
[2016-12-23 04:29:35][WHMCS Installer] INFO: Removing any obsolete file and directories []
[2016-12-23 04:29:35][WHMCS Installer] INFO: Applying Updates for 3.2.2-release.1 []
[2016-12-23 04:29:35][WHMCS Installer] INFO: Removing any obsolete file and directories []
[2016-12-23 04:29:35][WHMCS Installer] INFO: Applying Updates for 3.2.3-release.1 []
[2016-12-23 04:29:35][WHMCS Installer] INFO: Removing any obsolete file and directories []
[2016-12-23 04:29:35][WHMCS Installer] INFO: Applying Updates for 3.3.0-release.1 []
[2016-12-23 04:29:41][WHMCS Installer] INFO: Removing any obsolete file and directories []
[2016-12-23 04:29:41][WHMCS Installer] INFO: Applying Updates for 3.4.0-release.1 []
[2016-12-23 04:29:55][WHMCS Installer] INFO: Removing any obsolete file and directories []
[2016-12-23 04:29:55][WHMCS Installer] INFO: Applying Updates for 3.4.1-release.1 []
[2016-12-23 04:29:57][WHMCS Installer] INFO: Removing any obsolete file and directories []
[2016-12-23 04:29:57][WHMCS Installer] INFO: Applying Updates for 3.5.0-release.1 []
[2016-12-23 04:30:04][WHMCS Installer] INFO: Removing any obsolete file and directories []
[2016-12-23 04:30:04][WHMCS Installer] INFO: Applying Updates for 3.5.1-release.1 []
[2016-12-23 04:30:04][WHMCS Installer] INFO: Removing any obsolete file and directories []
[2016-12-23 04:30:04][WHMCS Installer] INFO: Applying Updates for 3.6.0-release.1 []
[2016-12-23 04:30:12][WHMCS Installer] INFO: Removing any obsolete file and directories []
[2016-12-23 04:30:12][WHMCS Installer] INFO: Applying Updates for 3.6.1-release.1 []
[2016-12-23 04:30:20][WHMCS Installer] INFO: Removing any obsolete file and directories []
[2016-12-23 04:30:20][WHMCS Installer] INFO: Applying Updates for 3.6.2-release.1 []
[2016-12-23 04:33:14][WHMCS Installer] INFO: Removing any obsolete file and directories []
[2016-12-23 04:33:14][WHMCS Installer] INFO: Applying Updates for 3.7.0-release.1 []
[2016-12-23 04:33:46][WHMCS Installer] INFO: Removing any obsolete file and directories []
[2016-12-23 04:33:46][WHMCS Installer] INFO: Applying Updates for 3.7.1-release.1 []
[2016-12-23 04:33:46][WHMCS Installer] INFO: Removing any obsolete file and directories []
[2016-12-23 04:33:46][WHMCS Installer] INFO: Applying Updates for 3.7.2-release.1 []
[2016-12-23 04:33:46][WHMCS Installer] INFO: Removing any obsolete file and directories []
[2016-12-23 04:33:46][WHMCS Installer] INFO: Applying Updates for 3.8.0-release.1 []
[2016-12-23 04:34:04][WHMCS Installer] INFO: Removing any obsolete file and directories []
[2016-12-23 04:34:04][WHMCS Installer] INFO: Applying Updates for 3.8.1-release.1 []
[2016-12-23 04:34:04][WHMCS Installer] INFO: Removing any obsolete file and directories []
[2016-12-23 04:34:04][WHMCS Installer] INFO: Applying Updates for 3.8.2-release.1 []
[2016-12-23 04:34:04][WHMCS Installer] INFO: Removing any obsolete file and directories []
[2016-12-23 04:34:04][WHMCS Installer] INFO: Applying Updates for 4.0.0-release.1 []
[2016-12-23 04:34:48][WHMCS Installer] INFO: Removing any obsolete file and directories []
[2016-12-23 04:34:48][WHMCS Installer] INFO: Applying Updates for 4.0.1-release.1 []
[2016-12-23 04:34:49][WHMCS Installer] INFO: Removing any obsolete file and directories []
[2016-12-23 04:34:49][WHMCS Installer] INFO: Applying Updates for 4.1.0-release.1 []
[2016-12-23 04:35:11][WHMCS Installer] INFO: Removing any obsolete file and directories []
[2016-12-23 04:35:11][WHMCS Installer] INFO: Applying Updates for 4.1.1-release.1 []
[2016-12-23 04:35:12][WHMCS Installer] INFO: Removing any obsolete file and directories []
[2016-12-23 04:35:12][WHMCS Installer] INFO: Applying Updates for 4.1.2-release.1 []
[2016-12-23 04:35:12][WHMCS Installer] INFO: Removing any obsolete file and directories []
[2016-12-23 04:35:12][WHMCS Installer] INFO: Applying Updates for 4.2.0-release.1 []
[2016-12-23 04:35:36][WHMCS Installer] INFO: Removing any obsolete file and directories []
[2016-12-23 04:35:36][WHMCS Installer] INFO: Applying Updates for 4.2.1-release.1 []
[2016-12-23 04:35:38][WHMCS Installer] INFO: Removing any obsolete file and directories []
[2016-12-23 04:35:38][WHMCS Installer] INFO: Applying Updates for 4.3.0-release.1 []
[2016-12-23 04:35:45][WHMCS Installer] INFO: Removing any obsolete file and directories []
[2016-12-23 04:35:45][WHMCS Installer] INFO: Applying Updates for 4.3.1-release.1 []
[2016-12-23 04:35:46][WHMCS Installer] INFO: Removing any obsolete file and directories []
[2016-12-23 04:35:46][WHMCS Installer] INFO: Applying Updates for 4.4.0-release.1 []
[2016-12-23 04:35:55][WHMCS Installer] INFO: Removing any obsolete file and directories []
[2016-12-23 04:35:55][WHMCS Installer] INFO: Applying Updates for 4.4.1-release.1 []
[2016-12-23 04:35:55][WHMCS Installer] INFO: Removing any obsolete file and directories []
[2016-12-23 04:35:55][WHMCS Installer] INFO: Applying Updates for 4.4.2-release.1 []
[2016-12-23 04:35:55][WHMCS Installer] INFO: Removing any obsolete file and directories []
[2016-12-23 04:35:55][WHMCS Installer] INFO: Applying Updates for 4.5.0-release.1 []
[2016-12-23 04:36:19][WHMCS Installer] INFO: Removing any obsolete file and directories []
[2016-12-23 04:36:19][WHMCS Installer] INFO: Applying Updates for 4.5.1-release.1 []
[2016-12-23 04:36:19][WHMCS Installer] INFO: Removing any obsolete file and directories []
[2016-12-23 04:36:19][WHMCS Installer] INFO: Applying Updates for 4.5.2-release.1 []
[2016-12-23 04:36:26][WHMCS Installer] INFO: Removing any obsolete file and directories []
[2016-12-23 04:36:26][WHMCS Installer] INFO: Applying Updates for 5.0.0-release.1 []
[2016-12-23 04:36:51][WHMCS Installer] INFO: Removing any obsolete file and directories []
[2016-12-23 04:36:51][WHMCS Installer] INFO: Applying Updates for 5.0.1-release.1 []
[2016-12-23 04:37:03][WHMCS Installer] INFO: Removing any obsolete file and directories []
[2016-12-23 04:37:03][WHMCS Installer] INFO: Applying Updates for 5.0.2-release.1 []
[2016-12-23 04:37:06][WHMCS Installer] INFO: Removing any obsolete file and directories []
[2016-12-23 04:37:06][WHMCS Installer] INFO: Applying Updates for 5.0.3-release.1 []
[2016-12-23 04:37:06][WHMCS Installer] INFO: Removing any obsolete file and directories []
[2016-12-23 04:37:06][WHMCS Installer] INFO: Applying Updates for 5.1.0-release.1 []
[2016-12-23 04:37:26][WHMCS Installer] INFO: Removing any obsolete file and directories []
[2016-12-23 04:37:26][WHMCS Installer] INFO: Applying Updates for 5.1.1-release.1 []
[2016-12-23 04:37:26][WHMCS Installer] INFO: Removing any obsolete file and directories []
[2016-12-23 04:37:26][WHMCS Installer] INFO: Applying Updates for 5.1.2-release.1 []
[2016-12-23 04:37:27][WHMCS Installer] INFO: Removing any obsolete file and directories []
[2016-12-23 04:37:27][WHMCS Installer] INFO: Applying Updates for 5.2.0-release.1 []
[2016-12-23 04:37:42][WHMCS Installer] INFO: Removing any obsolete file and directories []
[2016-12-23 04:37:42][WHMCS Installer] INFO: Applying Updates for 5.2.1-release.1 []
[2016-12-23 04:37:46][WHMCS Installer] INFO: Removing any obsolete file and directories []
[2016-12-23 04:37:46][WHMCS Installer] INFO: Applying Updates for 5.2.2-release.1 []
[2016-12-23 04:37:46][WHMCS Installer] INFO: Removing any obsolete file and directories []
[2016-12-23 04:37:46][WHMCS Installer] INFO: Applying Updates for 5.2.3-release.1 []
[2016-12-23 04:37:46][WHMCS Installer] INFO: Removing any obsolete file and directories []
[2016-12-23 04:37:46][WHMCS Installer] INFO: Applying Updates for 5.2.4-release.1 []
[2016-12-23 04:37:46][WHMCS Installer] INFO: Removing any obsolete file and directories []
[2016-12-23 04:37:46][WHMCS Installer] INFO: Applying Updates for 5.2.5-release.1 []
[2016-12-23 04:37:46][WHMCS Installer] INFO: Removing any obsolete file and directories []
[2016-12-23 04:37:46][WHMCS Installer] INFO: Applying Updates for 5.3.0-release.1 []
[2016-12-23 04:37:48][WHMCS Installer] INFO: Removing any obsolete file and directories []
[2016-12-23 04:37:48][WHMCS Installer] INFO: Applying Updates for 5.3.1-release.1 []
[2016-12-23 04:37:49][WHMCS Installer] INFO: Removing any obsolete file and directories []
[2016-12-23 04:37:49][WHMCS Installer] INFO: Applying Updates for 5.3.2-release.1 []
[2016-12-23 04:37:49][WHMCS Installer] INFO: Removing any obsolete file and directories []
[2016-12-23 04:37:49][WHMCS Installer] INFO: Applying Updates for 5.3.3-rc.1 []
[2016-12-23 04:37:50][WHMCS Installer] INFO: Removing any obsolete file and directories []
[2016-12-23 04:37:50][WHMCS Installer] INFO: Applying Updates for 5.3.3-rc.2 []
[2016-12-23 04:37:50][WHMCS Installer] INFO: Removing any obsolete file and directories []
[2016-12-23 04:37:50][WHMCS Installer] INFO: Applying Updates for 5.3.3-release.1 []
[2016-12-23 04:37:50][WHMCS Installer] INFO: Removing any obsolete file and directories []
[2016-12-23 04:37:50][WHMCS Installer] INFO: Applying Updates for 5.3.4-release.1 []
[2016-12-23 04:37:51][WHMCS Installer] INFO: Removing any obsolete file and directories []
[2016-12-23 04:37:51][WHMCS Installer] INFO: Applying Updates for 5.3.5-release.1 []
[2016-12-23 04:37:51][WHMCS Installer] INFO: Removing any obsolete file and directories []
[2016-12-23 04:37:51][WHMCS Installer] INFO: Applying Updates for 5.3.6-release.1 []
[2016-12-23 04:37:51][WHMCS Installer] INFO: Removing any obsolete file and directories []
[2016-12-23 04:37:51][WHMCS Installer] INFO: Applying Updates for 5.3.7-release.1 []
[2016-12-23 04:37:52][WHMCS Installer] INFO: Removing any obsolete file and directories []
[2016-12-23 04:37:52][WHMCS Installer] INFO: Applying Updates for 5.3.8-release.1 []
[2016-12-23 04:37:52][WHMCS Installer] INFO: Removing any obsolete file and directories []
[2016-12-23 04:37:52][WHMCS Installer] INFO: Applying Updates for 5.3.9-release.1 []
[2016-12-23 04:37:54][WHMCS Installer] INFO: Removing any obsolete file and directories []
[2016-12-23 04:37:54][WHMCS Installer] INFO: Applying Updates for 5.3.12-release.1 []
[2016-12-23 04:37:58][WHMCS Installer] INFO: Removing any obsolete file and directories []
[2016-12-23 04:37:58][WHMCS Installer] INFO: Applying Updates for 6.0.0-alpha.1 []
[2016-12-23 04:39:10][WHMCS Installer] INFO: Performing Update Action: removeDuplicateSettings []
[2016-12-23 04:39:11][WHMCS Installer] INFO: Performing Update Action: convertMailTemplateBooleanColumns []
[2016-12-23 04:39:18][WHMCS Installer] INFO: Performing Update Action: convertClientUnixTimestampColumns []
[2016-12-23 04:39:21][WHMCS Installer] INFO: Performing Update Action: convertClientBooleanColumns []
[2016-12-23 04:39:32][WHMCS Installer] INFO: Performing Update Action: convertDomainBooleanColumns []
[2016-12-23 04:39:43][WHMCS Installer] INFO: Performing Update Action: convertProductBooleanColumns []
[2016-12-23 04:39:59][WHMCS Installer] INFO: Performing Update Action: convertProductGroupBooleanColumns []
[2016-12-23 04:40:02][WHMCS Installer] INFO: Performing Update Action: convertDownloadBooleanColumns []
[2016-12-23 04:40:08][WHMCS Installer] INFO: Performing Update Action: convertDownloadCategoryBooleanColumns []
[2016-12-23 04:40:10][WHMCS Installer] INFO: Performing Update Action: migrateProductDownloadIdsToItsTable []
[2016-12-23 04:40:12][WHMCS Installer] INFO: Performing Update Action: migrateProductUpgradeIdsToItsTable []
[2016-12-23 04:40:14][WHMCS Installer] INFO: Performing Update Action: convertServiceBooleanColumns []
[2016-12-23 04:40:17][WHMCS Installer] INFO: Performing Update Action: convertAnnouncementBooleanColumns []
[2016-12-23 04:40:18][WHMCS Installer] INFO: Performing Update Action: updateAdminUserForAutoReleaseModule []
[2016-12-23 04:40:18][WHMCS Installer] INFO: Performing Update Action: createServiceUnsuspendedEmailTemplate []
[2016-12-23 04:40:19][WHMCS Installer] INFO: Performing Update Action: addManualUpgradeRequiredEmailTemplate []
[2016-12-23 04:40:19][WHMCS Installer] INFO: Performing Update Action: convertNoMD5Passwords []
[2016-12-23 04:40:19][WHMCS Installer] INFO: Performing Update Action: populateTopLevelDomainsAndCategories []
[2016-12-23 04:45:35][WHMCS Installer] INFO: Performing Update Action: migrateDiscontinuedOrderFormTemplates []
[2016-12-23 04:45:35][WHMCS Installer] INFO: Performing Update Action: migrateDiscontinuedAdminOriginalTemplate []
[2016-12-23 04:45:35][WHMCS Installer] INFO: Performing Update Action: convertContactUnixTimestampColumns []
[2016-12-23 04:45:39][WHMCS Installer] INFO: Removing any obsolete file and directories []
[2016-12-23 04:45:39][WHMCS Installer] INFO: Applying Updates for 6.0.0-beta.1 []
[2016-12-23 04:45:39][WHMCS Installer] INFO: Removing any obsolete file and directories []
[2016-12-23 04:45:39][WHMCS Installer] INFO: Applying Updates for 6.0.0-beta.2 []
[2016-12-23 04:45:39][WHMCS Installer] INFO: Removing any obsolete file and directories []
[2016-12-23 04:45:39][WHMCS Installer] INFO: Applying Updates for 6.0.0-beta.3 []
[2016-12-23 04:45:39][WHMCS Installer] INFO: Removing any obsolete file and directories []
[2016-12-23 04:45:39][WHMCS Installer] INFO: Applying Updates for 6.0.0-beta.4 []
[2016-12-23 04:45:39][WHMCS Installer] INFO: Performing Update Action: updateExpiredDomainNoticeTemplate []
[2016-12-23 04:45:39][WHMCS Installer] INFO: Performing Update Action: adjustAffiliatePayoutDefault []
[2016-12-23 04:45:40][WHMCS Installer] INFO: Removing any obsolete file and directories []
[2016-12-23 04:45:40][WHMCS Installer] INFO: Applying Updates for 6.0.0-beta.5 []
[2016-12-23 04:45:40][WHMCS Installer] INFO: Removing any obsolete file and directories []
[2016-12-23 04:45:40][WHMCS Installer] INFO: Applying Updates for 6.0.0-rc.1 []
[2016-12-23 04:45:40][WHMCS Installer] INFO: Removing any obsolete file and directories []
[2016-12-23 04:45:40][WHMCS Installer] INFO: Applying Updates for 6.0.0-rc.2 []
[2016-12-23 04:45:40][WHMCS Installer] INFO: Removing any obsolete file and directories []
[2016-12-23 04:45:40][WHMCS Installer] INFO: Applying Updates for 6.0.0-rc.3 []
[2016-12-23 04:45:40][WHMCS Installer] INFO: Removing any obsolete file and directories []
[2016-12-23 04:45:40][WHMCS Installer] INFO: Applying Updates for 6.0.0-release.1 []
[2016-12-23 04:45:40][WHMCS Installer] INFO: Removing any obsolete file and directories []
[2016-12-23 04:45:40][WHMCS Installer] INFO: Applying Updates for 6.0.1-release.1 []
[2016-12-23 04:45:41][WHMCS Installer] INFO: Performing Update Action: migrateFixedInvoiceDataAddon []
[2016-12-23 04:45:41][WHMCS Installer] INFO: Removing any obsolete file and directories []
[2016-12-23 04:45:41][WHMCS Installer] INFO: Applying Updates for 6.0.2-release.1 []
[2016-12-23 04:45:41][WHMCS Installer] INFO: Removing any obsolete file and directories []
[2016-12-23 04:45:41][WHMCS Installer] INFO: Applying Updates for 6.1.0-alpha.1 []
[2016-12-23 04:45:50][WHMCS Installer] INFO: Performing Update Action: migrateMaxMindIgnoreCity []
[2016-12-23 04:45:50][WHMCS Installer] INFO: Performing Update Action: moveAttachmentsProjectsFiles []
[2016-12-23 04:45:50][WHMCS Installer] INFO: Performing Update Action: detectCronRunForHealthAndUpdates []
[2016-12-23 04:45:50][WHMCS Installer] INFO: Removing any obsolete file and directories []
[2016-12-23 04:45:50][WHMCS Installer] INFO: Applying Updates for 6.1.0-rc.1 []
[2016-12-23 04:45:51][WHMCS Installer] INFO: Removing any obsolete file and directories []
[2016-12-23 04:45:51][WHMCS Installer] INFO: Applying Updates for 6.1.0-release.1 []
[2016-12-23 04:45:51][WHMCS Installer] INFO: Removing any obsolete file and directories []
[2016-12-23 04:45:51][WHMCS Installer] INFO: Applying Updates for 6.1.1-release.1 []
[2016-12-23 04:45:51][WHMCS Installer] INFO: Removing any obsolete file and directories []
[2016-12-23 04:45:51][WHMCS Installer] INFO: Applying Updates for 6.2.0-alpha.1 []
[2016-12-23 04:46:10][WHMCS Installer] INFO: Performing Update Action: createUuidColumnsIfNecessary []
[2016-12-23 04:46:10][WHMCS Installer] INFO: Performing Update Action: createUuids []
[2016-12-23 04:46:11][WHMCS Installer] INFO: Removing any obsolete file and directories []
[2016-12-23 04:46:11][WHMCS Installer] INFO: Applying Updates for 6.2.0-rc.1 []
[2016-12-23 04:46:11][WHMCS Installer] INFO: Removing any obsolete file and directories []
[2016-12-23 04:46:11][WHMCS Installer] INFO: Applying Updates for 6.2.0-release.1 []
[2016-12-23 04:46:11][WHMCS Installer] INFO: Removing any obsolete file and directories []
[2016-12-23 04:46:11][WHMCS Installer] INFO: Applying Updates for 6.2.1-release.1 []
[2016-12-23 04:46:11][WHMCS Installer] INFO: Removing any obsolete file and directories []
[2016-12-23 04:46:11][WHMCS Installer] INFO: Applying Updates for 6.2.2-release.1 []
[2016-12-23 04:46:11][WHMCS Installer] INFO: Removing any obsolete file and directories []
[2016-12-23 04:46:11][WHMCS Installer] INFO: Applying Updates for 6.3.0-alpha.1 []
[2016-12-23 04:46:30][WHMCS Installer] INFO: Performing Update Action: migrateOpenIDValues []
[2016-12-23 04:46:30][WHMCS Installer] INFO: Performing Update Action: createTicketNotificationEmail []
[2016-12-23 04:46:30][WHMCS Installer] INFO: Removing any obsolete file and directories []
[2016-12-23 04:46:30][WHMCS Installer] INFO: Applying Updates for 6.3.0-rc.1 []
[2016-12-23 04:46:36][WHMCS Installer] INFO: Performing Update Action: insertUpgradeTimeForMDE []
[2016-12-23 04:46:37][WHMCS Installer] INFO: Removing any obsolete file and directories []
[2016-12-23 04:46:37][WHMCS Installer] INFO: Applying Updates for 6.3.0-release.1 []
[2016-12-23 04:46:37][WHMCS Installer] INFO: Performing Update Action: newEmailHeader []
[2016-12-23 04:46:37][WHMCS Installer] INFO: Performing Update Action: newEmailCss []
[2016-12-23 04:46:37][WHMCS Installer] INFO: Performing Update Action: newEmailFooter []
[2016-12-23 04:46:37][WHMCS Installer] INFO: Performing Update Action: updateCreateTicketNotificationEmail []
[2016-12-23 04:46:37][WHMCS Installer] INFO: Performing Update Action: removeOldAdminSupportEmailTemplates []
[2016-12-23 04:46:38][WHMCS Installer] INFO: Removing any obsolete file and directories []
[2016-12-23 04:46:38][WHMCS Installer] INFO: Applying Updates for 6.3.1-release.1 []
[2016-12-23 04:46:38][WHMCS Installer] INFO: Removing any obsolete file and directories []
[2016-12-23 04:46:38][WHMCS Installer] INFO: Applying Updates for 7.0.0-alpha.1 []
[2016-12-23 04:46:42][WHMCS Installer] INFO: Removing any obsolete file and directories []
[2016-12-23 04:46:42][WHMCS Installer] INFO: Applying Updates for 7.0.0-alpha.5 []
[2016-12-23 04:46:43][WHMCS Installer] INFO: Performing Update Action: updateEnomDomainLookupProviderSetting []
[2016-12-23 04:46:43][WHMCS Installer] INFO: Performing Update Action: removeToggleInfoPopup []
[2016-12-23 04:46:43][WHMCS Installer] INFO: Performing Update Action: disableSetupWizardForUpgrades []
[2016-12-23 04:46:43][WHMCS Installer] INFO: Removing any obsolete file and directories []
[2016-12-23 04:46:43][WHMCS Installer] INFO: Applying Updates for 7.0.0-beta.1 []
[2016-12-23 04:46:43][WHMCS Installer] INFO: Performing Update Action: removeLegacyClassLocations []
[2016-12-23 04:46:43][WHMCS Installer] INFO: Removing any obsolete file and directories []
[2016-12-23 04:46:43][WHMCS Installer] INFO: Applying Updates for 7.0.0-beta.2 []
[2016-12-23 04:46:45][WHMCS Installer] INFO: Performing Update Action: migrateSystemSslUrl []
[2016-12-23 04:46:45][WHMCS Installer] INFO: Performing Update Action: decodeEmailTemplates []
[2016-12-23 04:46:45][WHMCS Installer] INFO: Removing any obsolete file and directories []
[2016-12-23 04:46:45][WHMCS Installer] INFO: Applying Updates for 7.0.0-beta.3 []
[2016-12-23 04:46:47][WHMCS Installer] INFO: Performing Update Action: restoreDefaultScheduleConfiguration []
[2016-12-23 04:46:48][WHMCS Installer] INFO: Removing any obsolete file and directories []
[2016-12-23 04:46:48][WHMCS Installer] INFO: Applying Updates for 7.0.0-rc.1 []
[2016-12-23 04:46:48][WHMCS Installer] INFO: Performing Update Action: setDefaultUpdateDetails []
[2016-12-23 04:46:48][WHMCS Installer] INFO: Performing Update Action: setDefaultDailyCronInvocationHour []
[2016-12-23 04:46:49][WHMCS Installer] INFO: Removing any obsolete file and directories []
[2016-12-23 04:46:49][WHMCS Installer] INFO: Applying Updates for 7.0.0-release.1 []
[2016-12-23 04:46:49][WHMCS Installer] INFO: Performing Update Action: mutateDailyCronConfigurations []
[2016-12-23 04:46:49][WHMCS Installer] INFO: Removing any obsolete file and directories []
[2016-12-23 04:46:49][WHMCS Installer] INFO: Applying Updates for 7.0.1-release.1 []
[2016-12-23 04:46:49][WHMCS Installer] INFO: Performing Update Action: removeAdminForceSSLSetting []
[2016-12-23 04:46:49][WHMCS Installer] INFO: Removing any obsolete file and directories []
[2016-12-23 04:46:50][WHMCS Installer] INFO: Installation process completed. []
